[1.156s] Invoking command in '/home/robu/work/robu_ratstn19_ws/src/robu': PYTHONPATH=/home/robu/work/robu_ratstn19_ws/build/robu/prefix_override:/home/robu/work/robu_ratstn19_ws/install/robu/lib/python3.10/site-packages:${PYTHONPATH} /usr/bin/python3 setup.py egg_info --egg-base ../../build/robu build --build-base /home/robu/work/robu_ratstn19_ws/build/robu/build install --record /home/robu/work/robu_ratstn19_ws/build/robu/install.log --single-version-externally-managed
[1.618s] running egg_info
[1.618s] writing ../../build/robu/robu.egg-info/PKG-INFO
[1.619s] writing dependency_links to ../../build/robu/robu.egg-info/dependency_links.txt
[1.622s] writing entry points to ../../build/robu/robu.egg-info/entry_points.txt
[1.622s] writing requirements to ../../build/robu/robu.egg-info/requires.txt
[1.622s] writing top-level names to ../../build/robu/robu.egg-info/top_level.txt
[1.623s] reading manifest file '../../build/robu/robu.egg-info/SOURCES.txt'
[1.624s] writing manifest file '../../build/robu/robu.egg-info/SOURCES.txt'
[1.624s] running build
[1.624s] running build_py
[1.624s] running install
[1.625s] running install_lib
[1.627s] running install_data
[1.628s] running install_egg_info
[1.631s] removing '/home/robu/work/robu_ratstn19_ws/install/robu/lib/python3.10/site-packages/robu-0.0.0-py3.10.egg-info' (and everything under it)
[1.632s] Copying ../../build/robu/robu.egg-info to /home/robu/work/robu_ratstn19_ws/install/robu/lib/python3.10/site-packages/robu-0.0.0-py3.10.egg-info
[1.634s] running install_scripts
[1.680s] Installing mypublisher script to /home/robu/work/robu_ratstn19_ws/install/robu/lib/robu
[1.680s] Installing mysubscriber script to /home/robu/work/robu_ratstn19_ws/install/robu/lib/robu
[1.680s] Installing wallfollower script to /home/robu/work/robu_ratstn19_ws/install/robu/lib/robu
[1.681s] writing list of installed files to '/home/robu/work/robu_ratstn19_ws/build/robu/install.log'
[1.775s] Invoked command in '/home/robu/work/robu_ratstn19_ws/src/robu' returned '0': PYTHONPATH=/home/robu/work/robu_ratstn19_ws/build/robu/prefix_override:/home/robu/work/robu_ratstn19_ws/install/robu/lib/python3.10/site-packages:${PYTHONPATH} /usr/bin/python3 setup.py egg_info --egg-base ../../build/robu build --build-base /home/robu/work/robu_ratstn19_ws/build/robu/build install --record /home/robu/work/robu_ratstn19_ws/build/robu/install.log --single-version-externally-managed
