[1.057s] Invoking command in '/home/robu/work/robu_ratstn19_ws/src/robu': PYTHONPATH=/home/robu/work/robu_ratstn19_ws/build/robu/prefix_override:/home/robu/work/robu_ratstn19_ws/install/robu/lib/python3.10/site-packages:${PYTHONPATH} /usr/bin/python3 setup.py egg_info --egg-base ../../build/robu build --build-base /home/robu/work/robu_ratstn19_ws/build/robu/build install --record /home/robu/work/robu_ratstn19_ws/build/robu/install.log --single-version-externally-managed
[1.574s] running egg_info
[1.575s] creating ../../build/robu/robu.egg-info
[1.576s] writing ../../build/robu/robu.egg-info/PKG-INFO
[1.577s] writing dependency_links to ../../build/robu/robu.egg-info/dependency_links.txt
[1.577s] writing entry points to ../../build/robu/robu.egg-info/entry_points.txt
[1.577s] writing requirements to ../../build/robu/robu.egg-info/requires.txt
[1.578s] writing top-level names to ../../build/robu/robu.egg-info/top_level.txt
[1.578s] writing manifest file '../../build/robu/robu.egg-info/SOURCES.txt'
[1.580s] reading manifest file '../../build/robu/robu.egg-info/SOURCES.txt'
[1.581s] writing manifest file '../../build/robu/robu.egg-info/SOURCES.txt'
[1.581s] running build
[1.581s] running build_py
[1.582s] creating /home/robu/work/robu_ratstn19_ws/build/robu/build
[1.582s] creating /home/robu/work/robu_ratstn19_ws/build/robu/build/lib
[1.582s] creating /home/robu/work/robu_ratstn19_ws/build/robu/build/lib/robu
[1.582s] copying robu/ex10_wallfollower.py -> /home/robu/work/robu_ratstn19_ws/build/robu/build/lib/robu
[1.583s] copying robu/publisher_member_function.py -> /home/robu/work/robu_ratstn19_ws/build/robu/build/lib/robu
[1.583s] copying robu/__init__.py -> /home/robu/work/robu_ratstn19_ws/build/robu/build/lib/robu
[1.583s] copying robu/subscriber_member_function.py -> /home/robu/work/robu_ratstn19_ws/build/robu/build/lib/robu
[1.583s] running install
[1.586s] running install_lib
[1.586s] creating /home/robu/work/robu_ratstn19_ws/install/robu/lib/python3.10/site-packages/robu
[1.586s] copying /home/robu/work/robu_ratstn19_ws/build/robu/build/lib/robu/ex10_wallfollower.py -> /home/robu/work/robu_ratstn19_ws/install/robu/lib/python3.10/site-packages/robu
[1.586s] copying /home/robu/work/robu_ratstn19_ws/build/robu/build/lib/robu/publisher_member_function.py -> /home/robu/work/robu_ratstn19_ws/install/robu/lib/python3.10/site-packages/robu
[1.586s] copying /home/robu/work/robu_ratstn19_ws/build/robu/build/lib/robu/__init__.py -> /home/robu/work/robu_ratstn19_ws/install/robu/lib/python3.10/site-packages/robu
[1.586s] copying /home/robu/work/robu_ratstn19_ws/build/robu/build/lib/robu/subscriber_member_function.py -> /home/robu/work/robu_ratstn19_ws/install/robu/lib/python3.10/site-packages/robu
[1.586s] byte-compiling /home/robu/work/robu_ratstn19_ws/install/robu/lib/python3.10/site-packages/robu/ex10_wallfollower.py to ex10_wallfollower.cpython-310.pyc
[1.587s] byte-compiling /home/robu/work/robu_ratstn19_ws/install/robu/lib/python3.10/site-packages/robu/publisher_member_function.py to publisher_member_function.cpython-310.pyc
[1.588s] byte-compiling /home/robu/work/robu_ratstn19_ws/install/robu/lib/python3.10/site-packages/robu/__init__.py to __init__.cpython-310.pyc
[1.588s] byte-compiling /home/robu/work/robu_ratstn19_ws/install/robu/lib/python3.10/site-packages/robu/subscriber_member_function.py to subscriber_member_function.cpython-310.pyc
[1.589s] running install_data
[1.589s] creating /home/robu/work/robu_ratstn19_ws/install/robu/share/ament_index
[1.590s] creating /home/robu/work/robu_ratstn19_ws/install/robu/share/ament_index/resource_index
[1.590s] creating /home/robu/work/robu_ratstn19_ws/install/robu/share/ament_index/resource_index/packages
[1.590s] copying resource/robu -> /home/robu/work/robu_ratstn19_ws/install/robu/share/ament_index/resource_index/packages
[1.590s] copying package.xml -> /home/robu/work/robu_ratstn19_ws/install/robu/share/robu
[1.590s] running install_egg_info
[1.592s] Copying ../../build/robu/robu.egg-info to /home/robu/work/robu_ratstn19_ws/install/robu/lib/python3.10/site-packages/robu-0.0.0-py3.10.egg-info
[1.595s] running install_scripts
[1.621s] Installing mypublisher script to /home/robu/work/robu_ratstn19_ws/install/robu/lib/robu
[1.621s] Installing mysubscriber script to /home/robu/work/robu_ratstn19_ws/install/robu/lib/robu
[1.621s] Installing wallfollower script to /home/robu/work/robu_ratstn19_ws/install/robu/lib/robu
[1.622s] writing list of installed files to '/home/robu/work/robu_ratstn19_ws/build/robu/install.log'
[1.667s] Invoked command in '/home/robu/work/robu_ratstn19_ws/src/robu' returned '0': PYTHONPATH=/home/robu/work/robu_ratstn19_ws/build/robu/prefix_override:/home/robu/work/robu_ratstn19_ws/install/robu/lib/python3.10/site-packages:${PYTHONPATH} /usr/bin/python3 setup.py egg_info --egg-base ../../build/robu build --build-base /home/robu/work/robu_ratstn19_ws/build/robu/build install --record /home/robu/work/robu_ratstn19_ws/build/robu/install.log --single-version-externally-managed
