[1.379s] Invoking command in '/home/robu/work/robu_ratstn19_ws/src/robu': PYTHONPATH=/home/robu/work/robu_ratstn19_ws/build/robu/prefix_override:/home/robu/work/robu_ratstn19_ws/install/robu/lib/python3.10/site-packages:${PYTHONPATH} /usr/bin/python3 setup.py egg_info --egg-base ../../build/robu build --build-base /home/robu/work/robu_ratstn19_ws/build/robu/build install --record /home/robu/work/robu_ratstn19_ws/build/robu/install.log --single-version-externally-managed
[1.908s] running egg_info
[1.909s] creating ../../build/robu/robu.egg-info
[1.910s] writing ../../build/robu/robu.egg-info/PKG-INFO
[1.911s] writing dependency_links to ../../build/robu/robu.egg-info/dependency_links.txt
[1.912s] writing entry points to ../../build/robu/robu.egg-info/entry_points.txt
[1.912s] writing requirements to ../../build/robu/robu.egg-info/requires.txt
[1.913s] writing top-level names to ../../build/robu/robu.egg-info/top_level.txt
[1.914s] writing manifest file '../../build/robu/robu.egg-info/SOURCES.txt'
[1.916s] reading manifest file '../../build/robu/robu.egg-info/SOURCES.txt'
[1.918s] writing manifest file '../../build/robu/robu.egg-info/SOURCES.txt'
[1.918s] running build
[1.919s] running build_py
[1.919s] creating /home/robu/work/robu_ratstn19_ws/build/robu/build
[1.920s] creating /home/robu/work/robu_ratstn19_ws/build/robu/build/lib
[1.921s] creating /home/robu/work/robu_ratstn19_ws/build/robu/build/lib/robu
[1.921s] copying robu/ex10_wallfollower.py -> /home/robu/work/robu_ratstn19_ws/build/robu/build/lib/robu
[1.922s] copying robu/publisher_member_function.py -> /home/robu/work/robu_ratstn19_ws/build/robu/build/lib/robu
[1.922s] copying robu/__init__.py -> /home/robu/work/robu_ratstn19_ws/build/robu/build/lib/robu
[1.923s] copying robu/subscriber_member_function.py -> /home/robu/work/robu_ratstn19_ws/build/robu/build/lib/robu
[1.924s] running install
[1.925s] running install_lib
[1.926s] creating /home/robu/work/robu_ratstn19_ws/install/robu/lib/python3.10/site-packages/robu
[1.927s] copying /home/robu/work/robu_ratstn19_ws/build/robu/build/lib/robu/ex10_wallfollower.py -> /home/robu/work/robu_ratstn19_ws/install/robu/lib/python3.10/site-packages/robu
[1.930s] copying /home/robu/work/robu_ratstn19_ws/build/robu/build/lib/robu/publisher_member_function.py -> /home/robu/work/robu_ratstn19_ws/install/robu/lib/python3.10/site-packages/robu
[1.931s] copying /home/robu/work/robu_ratstn19_ws/build/robu/build/lib/robu/__init__.py -> /home/robu/work/robu_ratstn19_ws/install/robu/lib/python3.10/site-packages/robu
[1.931s] copying /home/robu/work/robu_ratstn19_ws/build/robu/build/lib/robu/subscriber_member_function.py -> /home/robu/work/robu_ratstn19_ws/install/robu/lib/python3.10/site-packages/robu
[1.934s] byte-compiling /home/robu/work/robu_ratstn19_ws/install/robu/lib/python3.10/site-packages/robu/ex10_wallfollower.py to ex10_wallfollower.cpython-310.pyc
[1.935s] byte-compiling /home/robu/work/robu_ratstn19_ws/install/robu/lib/python3.10/site-packages/robu/publisher_member_function.py to publisher_member_function.cpython-310.pyc
[1.936s] byte-compiling /home/robu/work/robu_ratstn19_ws/install/robu/lib/python3.10/site-packages/robu/__init__.py to __init__.cpython-310.pyc
[1.936s] byte-compiling /home/robu/work/robu_ratstn19_ws/install/robu/lib/python3.10/site-packages/robu/subscriber_member_function.py to subscriber_member_function.cpython-310.pyc
[1.938s] running install_data
[1.939s] creating /home/robu/work/robu_ratstn19_ws/install/robu/share/ament_index
[1.940s] creating /home/robu/work/robu_ratstn19_ws/install/robu/share/ament_index/resource_index
[1.940s] creating /home/robu/work/robu_ratstn19_ws/install/robu/share/ament_index/resource_index/packages
[1.940s] copying resource/robu -> /home/robu/work/robu_ratstn19_ws/install/robu/share/ament_index/resource_index/packages
[1.941s] copying package.xml -> /home/robu/work/robu_ratstn19_ws/install/robu/share/robu
[1.941s] running install_egg_info
[1.945s] Copying ../../build/robu/robu.egg-info to /home/robu/work/robu_ratstn19_ws/install/robu/lib/python3.10/site-packages/robu-0.0.0-py3.10.egg-info
[1.948s] running install_scripts
[1.976s] Installing mypublisher script to /home/robu/work/robu_ratstn19_ws/install/robu/lib/robu
[1.976s] Installing mysubscriber script to /home/robu/work/robu_ratstn19_ws/install/robu/lib/robu
[1.977s] Installing wallfollower script to /home/robu/work/robu_ratstn19_ws/install/robu/lib/robu
[1.978s] writing list of installed files to '/home/robu/work/robu_ratstn19_ws/build/robu/install.log'
[2.032s] Invoked command in '/home/robu/work/robu_ratstn19_ws/src/robu' returned '0': PYTHONPATH=/home/robu/work/robu_ratstn19_ws/build/robu/prefix_override:/home/robu/work/robu_ratstn19_ws/install/robu/lib/python3.10/site-packages:${PYTHONPATH} /usr/bin/python3 setup.py egg_info --egg-base ../../build/robu build --build-base /home/robu/work/robu_ratstn19_ws/build/robu/build install --record /home/robu/work/robu_ratstn19_ws/build/robu/install.log --single-version-externally-managed
