[1.247s] Invoking command in '/home/robu/work/robu_ratstn19_ws/src/robu': PYTHONPATH=/home/robu/work/robu_ratstn19_ws/build/robu/prefix_override:/home/robu/work/robu_ratstn19_ws/install/robu/lib/python3.10/site-packages:${PYTHONPATH} /usr/bin/python3 setup.py egg_info --egg-base ../../build/robu build --build-base /home/robu/work/robu_ratstn19_ws/build/robu/build install --record /home/robu/work/robu_ratstn19_ws/build/robu/install.log --single-version-externally-managed
[1.715s] running egg_info
[1.718s] writing ../../build/robu/robu.egg-info/PKG-INFO
[1.720s] writing dependency_links to ../../build/robu/robu.egg-info/dependency_links.txt
[1.722s] writing entry points to ../../build/robu/robu.egg-info/entry_points.txt
[1.723s] writing requirements to ../../build/robu/robu.egg-info/requires.txt
[1.723s] writing top-level names to ../../build/robu/robu.egg-info/top_level.txt
[1.725s] reading manifest file '../../build/robu/robu.egg-info/SOURCES.txt'
[1.726s] writing manifest file '../../build/robu/robu.egg-info/SOURCES.txt'
[1.726s] running build
[1.727s] running build_py
[1.727s] running install
[1.728s] running install_lib
[1.731s] running install_data
[1.733s] running install_egg_info
[1.734s] removing '/home/robu/work/robu_ratstn19_ws/install/robu/lib/python3.10/site-packages/robu-0.0.0-py3.10.egg-info' (and everything under it)
[1.735s] Copying ../../build/robu/robu.egg-info to /home/robu/work/robu_ratstn19_ws/install/robu/lib/python3.10/site-packages/robu-0.0.0-py3.10.egg-info
[1.736s] running install_scripts
[1.780s] Installing mypublisher script to /home/robu/work/robu_ratstn19_ws/install/robu/lib/robu
[1.781s] Installing mysubscriber script to /home/robu/work/robu_ratstn19_ws/install/robu/lib/robu
[1.782s] Installing wallfollower script to /home/robu/work/robu_ratstn19_ws/install/robu/lib/robu
[1.785s] writing list of installed files to '/home/robu/work/robu_ratstn19_ws/build/robu/install.log'
[1.860s] Invoked command in '/home/robu/work/robu_ratstn19_ws/src/robu' returned '0': PYTHONPATH=/home/robu/work/robu_ratstn19_ws/build/robu/prefix_override:/home/robu/work/robu_ratstn19_ws/install/robu/lib/python3.10/site-packages:${PYTHONPATH} /usr/bin/python3 setup.py egg_info --egg-base ../../build/robu build --build-base /home/robu/work/robu_ratstn19_ws/build/robu/build install --record /home/robu/work/robu_ratstn19_ws/build/robu/install.log --single-version-externally-managed
